<?xml version="1.0" encoding="UTF-8"?>
<!-- Generated by org.testng.reporters.JUnitReportReporter -->
<testsuite hostname="HW0599" name="com.umuc.d2l.scripts.PsftMergeClassforLearnerandFaculty" tests="1" failures="0" timestamp="15 Dec 2015 08:59:48 GMT" time="478.390" errors="0">
  <testcase name="psftMergeClass_ForLearnerandFacultySection" time="478.390" classname="com.umuc.d2l.scripts.PsftMergeClassforLearnerandFaculty"/>
</testsuite> <!-- com.umuc.d2l.scripts.PsftMergeClassforLearnerandFaculty -->
