<?xml version="1.0" encoding="UTF-8"?>
<!-- Generated by org.testng.reporters.JUnitReportReporter -->
<testsuite hostname="HW0599" name="com.umuc.d2l.scripts.Psftchangewaitlist_viaquickenrollment" tests="1" failures="0" timestamp="11 Jan 2016 06:33:36 GMT" time="392.794" errors="0">
  <testcase name="test_learner_changewaitlist_quickenrollment" time="392.794" classname="com.umuc.d2l.scripts.Psftchangewaitlist_viaquickenrollment"/>
</testsuite> <!-- com.umuc.d2l.scripts.Psftchangewaitlist_viaquickenrollment -->
