<?xml version="1.0" encoding="UTF-8"?>
<!-- Generated by org.testng.reporters.JUnitReportReporter -->
<testsuite hostname="HW0599" name="com.umuc.d2l.scripts.ClassRoomAccess_TeachingAssistant" tests="1" failures="0" timestamp="5 Jan 2016 11:51:16 GMT" time="221.461" errors="0">
  <testcase name="psftClassAccess_TeachingAssistant" time="221.461" classname="com.umuc.d2l.scripts.ClassRoomAccess_TeachingAssistant"/>
</testsuite> <!-- com.umuc.d2l.scripts.ClassRoomAccess_TeachingAssistant -->
