<?xml version="1.0" encoding="UTF-8"?>
<!-- Generated by org.testng.reporters.JUnitReportReporter -->
<testsuite hostname="HW0599" name="com.umuc.d2l.scripts.ClassRoomAccess_121_Student" tests="1" failures="0" timestamp="5 Jan 2016 11:51:16 GMT" time="380.753" errors="0">
  <testcase name="psftClassRoomAccess_121_Student" time="380.753" classname="com.umuc.d2l.scripts.ClassRoomAccess_121_Student"/>
</testsuite> <!-- com.umuc.d2l.scripts.ClassRoomAccess_121_Student -->
