<?xml version="1.0" encoding="UTF-8"?>
<!-- Generated by org.testng.reporters.JUnitReportReporter -->
<testsuite hostname="HW0599" name="com.umuc.d2l.scripts.Nonpsft_widget_Non0020" tests="1" failures="0" timestamp="16 Dec 2015 09:14:05 GMT" time="71.272" errors="0">
  <testcase name="nonPsftWLoginVerify_Asa0020" time="71.272" classname="com.umuc.d2l.scripts.Nonpsft_widget_Non0020"/>
</testsuite> <!-- com.umuc.d2l.scripts.Nonpsft_widget_Non0020 -->
