<?xml version="1.0" encoding="UTF-8"?>
<!-- Generated by org.testng.reporters.JUnitReportReporter -->
<testsuite hostname="HW0599" name="com.umuc.d2l.scripts.Psftenrollment_PI" tests="1" failures="0" timestamp="8 Jan 2016 12:56:41 GMT" time="177.095" errors="0">
  <testcase name="psftenrollment_Priminstr" time="177.095" classname="com.umuc.d2l.scripts.Psftenrollment_PI"/>
</testsuite> <!-- com.umuc.d2l.scripts.Psftenrollment_PI -->
