<?xml version="1.0" encoding="UTF-8"?>
<!-- Generated by org.testng.reporters.JUnitReportReporter -->
<testsuite hostname="HW0599" name="com.umuc.d2l.scripts.Psftenrollment_Student" tests="1" failures="0" timestamp="8 Jan 2016 12:56:41 GMT" time="347.075" errors="0">
  <testcase name="psftenrollment_Student" time="347.075" classname="com.umuc.d2l.scripts.Psftenrollment_Student"/>
</testsuite> <!-- com.umuc.d2l.scripts.Psftenrollment_Student -->
