<?xml version="1.0" encoding="UTF-8"?>
<!-- Generated by org.testng.reporters.JUnitReportReporter -->
<testsuite hostname="HW0599" name="com.umuc.d2l.scripts.SSOLearnerCourseVerify" tests="1" failures="0" timestamp="15 Dec 2015 08:59:48 GMT" time="17.367" errors="0">
  <testcase name="ssoLearner_CourseVerify" time="17.367" classname="com.umuc.d2l.scripts.SSOLearnerCourseVerify"/>
</testsuite> <!-- com.umuc.d2l.scripts.SSOLearnerCourseVerify -->
