<?xml version="1.0" encoding="UTF-8"?>
<!-- Generated by org.testng.reporters.JUnitReportReporter -->
<testsuite hostname="HW0599" name="com.umuc.d2l.scripts.SSOPrimaryInstructorCourseVerify" tests="1" failures="0" timestamp="15 Dec 2015 08:59:48 GMT" time="132.835" errors="0">
  <testcase name="ssoCourseVerify_primaryInstr" time="132.835" classname="com.umuc.d2l.scripts.SSOPrimaryInstructorCourseVerify"/>
</testsuite> <!-- com.umuc.d2l.scripts.SSOPrimaryInstructorCourseVerify -->
