<?xml version="1.0" encoding="UTF-8"?>
<!-- Generated by org.testng.reporters.JUnitReportReporter -->
<testsuite hostname="HW0599" name="com.umuc.d2l.scripts.WebDevContentVerification" tests="1" failures="0" timestamp="15 Dec 2015 08:59:48 GMT" time="3.877" errors="0">
  <testcase name="webdev_content_Verfication" time="3.877" classname="com.umuc.d2l.scripts.WebDevContentVerification"/>
</testsuite> <!-- com.umuc.d2l.scripts.WebDevContentVerification -->
