<?xml version="1.0" encoding="UTF-8"?>
<!-- Generated by org.testng.reporters.JUnitReportReporter -->
<testsuite hostname="HW0599" name="com.umuc.d2l.scripts.ClassRoomAccess_121_Student_LimitedAccess" tests="1" failures="0" timestamp="5 Jan 2016 11:51:16 GMT" time="365.541" errors="0">
  <testcase name="psftClassRoomAccess_121_Student_LimitedAccess" time="365.541" classname="com.umuc.d2l.scripts.ClassRoomAccess_121_Student_LimitedAccess"/>
</testsuite> <!-- com.umuc.d2l.scripts.ClassRoomAccess_121_Student_LimitedAccess -->
