<?xml version="1.0" encoding="UTF-8"?>
<!-- Generated by org.testng.reporters.JUnitReportReporter -->
<testsuite hostname="HW0599" name="com.umuc.d2l.scripts.ClassRoomAccess_SecondaryInstructor" tests="1" failures="0" timestamp="5 Jan 2016 11:51:16 GMT" time="223.278" errors="0">
  <testcase name="psftClassAccess_SecInstr" time="223.278" classname="com.umuc.d2l.scripts.ClassRoomAccess_SecondaryInstructor"/>
</testsuite> <!-- com.umuc.d2l.scripts.ClassRoomAccess_SecondaryInstructor -->
