<?xml version="1.0" encoding="UTF-8"?>
<!-- Generated by org.testng.reporters.JUnitReportReporter -->
<testsuite hostname="HW1352" name="com.act.scripts.NavigatingToClinicalServices" tests="1" failures="0" timestamp="10 May 2017 10:28:17 GMT" time="24.621" errors="0">
  <testcase name="ClinicalServices_Navigation" time="24.621" classname="com.act.scripts.NavigatingToClinicalServices"/>
</testsuite> <!-- com.act.scripts.NavigatingToClinicalServices -->
