<?xml version="1.0" encoding="UTF-8"?>
<!-- Generated by org.testng.reporters.JUnitReportReporter -->
<testsuite hostname="HW0599" name="com.umuc.d2l.scripts.Psftchangewaitlist_via_enrollmentrequest" tests="1" failures="0" timestamp="8 Jan 2016 12:56:41 GMT" time="378.762" errors="0">
  <testcase name="test_learner_changewaitlist_enrollment_request" time="378.762" classname="com.umuc.d2l.scripts.Psftchangewaitlist_via_enrollmentrequest"/>
</testsuite> <!-- com.umuc.d2l.scripts.Psftchangewaitlist_via_enrollmentrequest -->
