<?xml version="1.0" encoding="UTF-8"?>
<!-- Generated by org.testng.reporters.JUnitReportReporter -->
<testsuite hostname="HW0599" name="com.umuc.d2l.scripts.Psftunenrollment_TA" tests="1" failures="0" timestamp="8 Jan 2016 12:56:41 GMT" time="294.124" errors="0">
  <testcase name="psftunenrollment_TeachInstr" time="294.124" classname="com.umuc.d2l.scripts.Psftunenrollment_TA"/>
</testsuite> <!-- com.umuc.d2l.scripts.Psftunenrollment_TA -->
