<?xml version="1.0" encoding="UTF-8"?>
<!-- Generated by org.testng.reporters.JUnitReportReporter -->
<testsuite hostname="HW0599" name="com.umuc.d2l.scripts.ClassRoomAccess_8_Student_FullAccess" tests="1" failures="0" timestamp="5 Jan 2016 11:51:16 GMT" time="346.782" errors="0">
  <testcase name="psftClassRoomAccess_8_Student_FullAccess" time="346.782" classname="com.umuc.d2l.scripts.ClassRoomAccess_8_Student_FullAccess"/>
</testsuite> <!-- com.umuc.d2l.scripts.ClassRoomAccess_8_Student_FullAccess -->
