<?xml version="1.0" encoding="UTF-8"?>
<!-- Generated by org.testng.reporters.JUnitReportReporter -->
<testsuite hostname="HW0599" name="com.umuc.d2l.scripts.ClassRoomAccess_ClassStartDate_FullAccess" tests="1" failures="0" timestamp="5 Jan 2016 11:51:16 GMT" time="372.155" errors="0">
  <testcase name="psftClassAccess_ClasssStartDate_FullAccess" time="372.155" classname="com.umuc.d2l.scripts.ClassRoomAccess_ClassStartDate_FullAccess"/>
</testsuite> <!-- com.umuc.d2l.scripts.ClassRoomAccess_ClassStartDate_FullAccess -->
