<?xml version="1.0" encoding="UTF-8"?>
<!-- Generated by org.testng.reporters.JUnitReportReporter -->
<testsuite hostname="HW0599" name="com.umuc.d2l.scripts.Nonpsft_widget_Non0013" tests="1" failures="0" timestamp="16 Dec 2015 05:56:30 GMT" time="34.325" errors="0">
  <testcase name="nonPsftWLoginVerify_Asa0013" time="34.325" classname="com.umuc.d2l.scripts.Nonpsft_widget_Non0013"/>
</testsuite> <!-- com.umuc.d2l.scripts.Nonpsft_widget_Non0013 -->
