<?xml version="1.0" encoding="UTF-8"?>
<!-- Generated by org.testng.reporters.JUnitReportReporter -->
<testsuite hostname="HW0599" name="com.umuc.d2l.scripts.Nonpsft_widget_Non0006" tests="1" failures="0" timestamp="16 Dec 2015 05:56:30 GMT" time="40.035" errors="0">
  <testcase name="nonPsftWLoginVerify_Ama0006" time="40.035" classname="com.umuc.d2l.scripts.Nonpsft_widget_Non0006"/>
</testsuite> <!-- com.umuc.d2l.scripts.Nonpsft_widget_Non0006 -->
