<?xml version="1.0" encoding="UTF-8"?>
<!-- Generated by org.testng.reporters.JUnitReportReporter -->
<testsuite hostname="HW1038" name="com.act.scripts.Negative_ValidateExistingCustomerLoginPage" tests="1" failures="0" timestamp="13 Jun 2016 11:05:57 GMT" time="151.803" errors="0">
  <testcase name="Negative_ValidateExistingCustomerLoginPage" time="151.803" classname="com.act.scripts.Negative_ValidateExistingCustomerLoginPage"/>
</testsuite> <!-- com.act.scripts.Negative_ValidateExistingCustomerLoginPage -->
