<?xml version="1.0" encoding="UTF-8"?>
<!-- Generated by org.testng.reporters.JUnitReportReporter -->
<testsuite hostname="HW0599" name="com.umuc.d2l.scripts.ClassRoomAccess_365_PrimaryInstructor" tests="1" failures="0" timestamp="5 Jan 2016 11:51:16 GMT" time="215.064" errors="0">
  <testcase name="psftClassAccess_365_Priminstr" time="215.064" classname="com.umuc.d2l.scripts.ClassRoomAccess_365_PrimaryInstructor"/>
</testsuite> <!-- com.umuc.d2l.scripts.ClassRoomAccess_365_PrimaryInstructor -->
