<?xml version="1.0" encoding="UTF-8"?>
<!-- Generated by org.testng.reporters.JUnitReportReporter -->
<testsuite hostname="HW0599" name="com.umuc.d2l.scripts.Nonpsft_widget_Non0029" tests="1" failures="0" timestamp="16 Dec 2015 05:56:30 GMT" time="33.292" errors="0">
  <testcase name="nonPsftWLoginVerify_Asa0029" time="33.292" classname="com.umuc.d2l.scripts.Nonpsft_widget_Non0029"/>
</testsuite> <!-- com.umuc.d2l.scripts.Nonpsft_widget_Non0029 -->
