<?xml version="1.0" encoding="UTF-8"?>
<!-- Generated by org.testng.reporters.JUnitReportReporter -->
<testsuite hostname="HW0599" name="com.umuc.d2l.scripts.Psft_Class_Maintenance_class_creation" tests="1" failures="0" timestamp="8 Jan 2016 12:56:41 GMT" time="104.351" errors="0">
  <testcase name="psft_class_maint_class_creation" time="104.351" classname="com.umuc.d2l.scripts.Psft_Class_Maintenance_class_creation"/>
</testsuite> <!-- com.umuc.d2l.scripts.Psft_Class_Maintenance_class_creation -->
