<?xml version="1.0" encoding="UTF-8"?>
<!-- Generated by org.testng.reporters.JUnitReportReporter -->
<testsuite hostname="HW0599" name="com.umuc.d2l.scripts.Psft_Class_Maintenance_Cancel_A_Course_Section" tests="1" failures="0" timestamp="8 Jan 2016 12:56:41 GMT" time="533.402" errors="0">
  <testcase name="psft_Class_Maintenance_Cancel_A_Course_Section" time="533.402" classname="com.umuc.d2l.scripts.Psft_Class_Maintenance_Cancel_A_Course_Section"/>
</testsuite> <!-- com.umuc.d2l.scripts.Psft_Class_Maintenance_Cancel_A_Course_Section -->
