<?xml version="1.0" encoding="UTF-8"?>
<!-- Generated by org.testng.reporters.JUnitReportReporter -->
<testsuite hostname="HW0599" name="com.umuc.d2l.scripts.ClassRoomAccess_365_SecondaryInstructor_LimitedAccess" tests="1" failures="0" timestamp="5 Jan 2016 11:51:16 GMT" time="205.629" errors="0">
  <testcase name="psftClassAccess_365_SI_LimitedAccess" time="205.629" classname="com.umuc.d2l.scripts.ClassRoomAccess_365_SecondaryInstructor_LimitedAccess"/>
</testsuite> <!-- com.umuc.d2l.scripts.ClassRoomAccess_365_SecondaryInstructor_LimitedAccess -->
