<?xml version="1.0" encoding="UTF-8"?>
<!-- Generated by org.testng.reporters.JUnitReportReporter -->
<testsuite hostname="HW0599" name="com.umuc.d2l.scripts.Psft_Class_Maintenance_Course_Catalog_Title_change" tests="1" failures="0" timestamp="8 Jan 2016 12:56:41 GMT" time="214.602" errors="0">
  <testcase name="psft_Class_Maintenance_Course_Catalog_Title_change" time="214.602" classname="com.umuc.d2l.scripts.Psft_Class_Maintenance_Course_Catalog_Title_change"/>
</testsuite> <!-- com.umuc.d2l.scripts.Psft_Class_Maintenance_Course_Catalog_Title_change -->
