<?xml version="1.0" encoding="UTF-8"?>
<!-- Generated by org.testng.reporters.JUnitReportReporter -->
<testsuite hostname="HW1221" name="com.act.scripts.AmazonBuySeleniumBookScenario" tests="1" failures="0" timestamp="9 Aug 2016 09:26:36 GMT" time="75.667" errors="0">
  <testcase name="Buy_Selenium_Book" time="75.667" classname="com.act.scripts.AmazonBuySeleniumBookScenario"/>
</testsuite> <!-- com.act.scripts.AmazonBuySeleniumBookScenario -->
