<?xml version="1.0" encoding="UTF-8"?>
<!-- Generated by org.testng.reporters.JUnitReportReporter -->
<testsuite hostname="HW0599" name="com.umuc.d2l.scripts.Psftenrollment_TA" tests="1" failures="0" timestamp="8 Jan 2016 12:56:41 GMT" time="195.365" errors="0">
  <testcase name="psftenrollment_TeachAsst" time="195.365" classname="com.umuc.d2l.scripts.Psftenrollment_TA"/>
</testsuite> <!-- com.umuc.d2l.scripts.Psftenrollment_TA -->
