<?xml version="1.0" encoding="UTF-8"?>
<!-- Generated by org.testng.reporters.JUnitReportReporter -->
<testsuite hostname="hw1" name="com.umuc.d2l.scripts.Ama0006" tests="1" failures="0" timestamp="29 Sep 2015 15:44:59 GMT" time="53.619" errors="0">
  <testcase name="nonPsftWLoginVerify_Learner" time="53.619" classname="com.umuc.d2l.scripts.Ama0006"/>
</testsuite> <!-- com.umuc.d2l.scripts.Ama0006 -->
