<?xml version="1.0" encoding="UTF-8"?>
<!-- Generated by org.testng.reporters.JUnitReportReporter -->
<testsuite hostname="HW0599" name="com.umuc.d2l.scripts.D2LProduct_version_verification" tests="1" failures="0" timestamp="15 Dec 2015 08:59:48 GMT" time="15.950" errors="0">
  <testcase name="d2l_verify_Version" time="15.950" classname="com.umuc.d2l.scripts.D2LProduct_version_verification"/>
</testsuite> <!-- com.umuc.d2l.scripts.D2LProduct_version_verification -->
