<?xml version="1.0" encoding="UTF-8"?>
<!-- Generated by org.testng.reporters.JUnitReportReporter -->
<testsuite hostname="HW1352" name="com.act.scripts.RegistrationScenario" tests="1" failures="0" timestamp="10 May 2017 10:28:17 GMT" time="25.679" errors="0">
  <testcase name="Form_Registration" time="25.679" classname="com.act.scripts.RegistrationScenario"/>
</testsuite> <!-- com.act.scripts.RegistrationScenario -->
