<?xml version="1.0" encoding="UTF-8"?>
<!-- Generated by org.testng.reporters.JUnitReportReporter -->
<testsuite hostname="HW0599" name="com.umuc.d2l.scripts.PsftunenrollmentRequest_Student" tests="1" failures="0" timestamp="8 Jan 2016 12:56:41 GMT" time="458.108" errors="0">
  <testcase name="psftunenrollmentRequest_Student" time="458.108" classname="com.umuc.d2l.scripts.PsftunenrollmentRequest_Student"/>
</testsuite> <!-- com.umuc.d2l.scripts.PsftunenrollmentRequest_Student -->
