<?xml version="1.0" encoding="UTF-8"?>
<!-- Generated by org.testng.reporters.JUnitReportReporter -->
<testsuite hostname="HW1221" name="com.act.scripts.ValidateExistingCustomerLoginPage" tests="1" failures="0" timestamp="8 Aug 2016 08:18:55 GMT" time="51.684" errors="0">
  <testcase name="Validate_ExistingCustomerLoginPage" time="51.684" classname="com.act.scripts.ValidateExistingCustomerLoginPage"/>
</testsuite> <!-- com.act.scripts.ValidateExistingCustomerLoginPage -->
