<?xml version="1.0" encoding="UTF-8"?>
<!-- Generated by org.testng.reporters.JUnitReportReporter -->
<testsuite hostname="HW0599" name="com.umuc.d2l.scripts.Nonpsft_widget_Non0009" tests="1" failures="0" timestamp="16 Dec 2015 05:56:30 GMT" time="42.746" errors="0">
  <testcase name="nonPsftWLoginVerify_Ama0009" time="42.746" classname="com.umuc.d2l.scripts.Nonpsft_widget_Non0009"/>
</testsuite> <!-- com.umuc.d2l.scripts.Nonpsft_widget_Non0009 -->
