<?xml version="1.0" encoding="UTF-8"?>
<!-- Generated by org.testng.reporters.JUnitReportReporter -->
<testsuite hostname="HW1221" name="com.act.scripts.AmazonBuyMobileScenario" tests="1" failures="0" timestamp="9 Aug 2016 09:26:36 GMT" time="87.567" errors="0">
  <testcase name="Buy_Mobile" time="87.567" classname="com.act.scripts.AmazonBuyMobileScenario"/>
</testsuite> <!-- com.act.scripts.AmazonBuyMobileScenario -->
