<?xml version="1.0" encoding="UTF-8"?>
<!-- Generated by org.testng.reporters.JUnitReportReporter -->
<testsuite hostname="HW0599" name="com.umuc.d2l.scripts.Psftunenrollment_SI" tests="1" failures="0" timestamp="8 Jan 2016 12:56:41 GMT" time="300.344" errors="0">
  <testcase name="psftunenrollment_SecInstr" time="300.344" classname="com.umuc.d2l.scripts.Psftunenrollment_SI"/>
</testsuite> <!-- com.umuc.d2l.scripts.Psftunenrollment_SI -->
