<?xml version="1.0" encoding="UTF-8"?>
<!-- Generated by org.testng.reporters.JUnitReportReporter -->
<testsuite hostname="HW1221" name="com.act.scripts.AmazonProduct" tests="1" failures="0" timestamp="3 Aug 2016 09:23:46 GMT" time="49.317" errors="0">
  <testcase name="Validate_FirstProduct" time="49.317" classname="com.act.scripts.AmazonProduct"/>
</testsuite> <!-- com.act.scripts.AmazonProduct -->
