<?xml version="1.0" encoding="UTF-8"?>
<!-- Generated by org.testng.reporters.JUnitReportReporter -->
<testsuite hostname="HW2141" name="com.act.scripts.AmazonTitleValidationScenario" tests="1" failures="0" timestamp="5 May 2017 10:38:48 GMT" time="17.901" errors="0">
  <testcase name="Validate_Title" time="17.901" classname="com.act.scripts.AmazonTitleValidationScenario"/>
</testsuite> <!-- com.act.scripts.AmazonTitleValidationScenario -->
