<?xml version="1.0" encoding="UTF-8"?>
<!-- Generated by org.testng.reporters.JUnitReportReporter -->
<testsuite hostname="HW0599" name="com.umuc.d2l.scripts.PsftUnMergeClassForSameSection" tests="1" failures="0" timestamp="15 Dec 2015 08:59:49 GMT" time="512.245" errors="0">
  <testcase name="psftUnMergeClass_ForSameSection" time="512.245" classname="com.umuc.d2l.scripts.PsftUnMergeClassForSameSection"/>
</testsuite> <!-- com.umuc.d2l.scripts.PsftUnMergeClassForSameSection -->
